[0m[1maws_ecs_cluster.main: Refreshing state... [id=arn:aws:ecs:us-west-2:326151034032:cluster/sudarshan-ecs-cluster][0m
[0m[1maws_secretsmanager_secret.db_password2: Refreshing state... [id=arn:aws:secretsmanager:us-west-2:326151034032:secret:dbPassword2-JBEQGP][0m
[0m[1maws_vpc.main: Refreshing state... [id=vpc-039b4e8ef8585d2cf][0m
[0m[1maws_iam_role.ecs_task_execution_role: Refreshing state... [id=ecsTaskExecutionRole][0m
[0m[1maws_iam_role_policy_attachment.ecs_task_execution_role_policy: Refreshing state... [id=ecsTaskExecutionRole-20240826153350735800000002][0m
[0m[1maws_ecs_task_definition.backend: Refreshing state... [id=backend-task][0m
[0m[1maws_ecs_task_definition.frontend: Refreshing state... [id=frontend-task][0m
[0m[1maws_secretsmanager_secret_version.db_password2_version: Refreshing state... [id=arn:aws:secretsmanager:us-west-2:326151034032:secret:dbPassword2-JBEQGP|terraform-20240826154439568300000003][0m
[0m[1maws_internet_gateway.igw: Refreshing state... [id=igw-0647a703439f6f952][0m
[0m[1maws_subnet.public: Refreshing state... [id=subnet-0f18ca5d14c982710][0m
[0m[1maws_route_table.private_rt: Refreshing state... [id=rtb-09d4c2bfcc00194bb][0m
[0m[1maws_subnet.private2: Refreshing state... [id=subnet-019ad2b1d0a09c006][0m
[0m[1maws_subnet.private1: Refreshing state... [id=subnet-0d465de7c48ba9ff1][0m
[0m[1maws_security_group.frontend_sg: Refreshing state... [id=sg-0b0de3230e83f10bd][0m
[0m[1maws_route_table.public: Refreshing state... [id=rtb-08a81be497d69ebc0][0m
[0m[1maws_route_table_association.private1: Refreshing state... [id=rtbassoc-0099c7fc1b0784b05][0m
[0m[1maws_route_table_association.private2: Refreshing state... [id=rtbassoc-0290bad310a123e03][0m
[0m[1maws_db_subnet_group.main: Refreshing state... [id=sudarshan1-db-subnet-group][0m
[0m[1maws_security_group.backend_sg: Refreshing state... [id=sg-0861f7e02031e33a0][0m
[0m[1maws_ecs_service.frontend: Refreshing state... [id=arn:aws:ecs:us-west-2:326151034032:service/sudarshan-ecs-cluster/frontend-service][0m
[0m[1maws_route_table_association.public: Refreshing state... [id=rtbassoc-0ccb19895c42d4cc0][0m
[0m[1maws_security_group.db_sg: Refreshing state... [id=sg-0fe94321038329567][0m
[0m[1maws_ecs_service.backend: Refreshing state... [id=arn:aws:ecs:us-west-2:326151034032:service/sudarshan-ecs-cluster/backend-service][0m
[0m[1maws_appautoscaling_target.frontend: Refreshing state... [id=service/sudarshan-ecs-cluster/frontend-service][0m
[0m[1maws_db_instance.main: Refreshing state... [id=db-6E6RAH365T4XPD7YHRVNTDBQ4I][0m
[0m[1maws_appautoscaling_policy.frontend_scale_out: Refreshing state... [id=frontend-scale-out][0m

Terraform used the selected providers to generate the following execution
plan. Resource actions are indicated with the following symbols:
  [31m-[0m destroy[0m

Terraform will perform the following actions:

[1m  # aws_appautoscaling_policy.frontend_scale_out[0m will be [1m[31mdestroyed[0m
[0m  [31m-[0m[0m resource "aws_appautoscaling_policy" "frontend_scale_out" {
      [31m-[0m[0m alarm_arns         = [] [90m-> null[0m[0m
      [31m-[0m[0m arn                = "arn:aws:autoscaling:us-west-2:326151034032:scalingPolicy:71f9f3eb-5e4d-4903-a0d2-17d57555198a:resource/ecs/service/sudarshan-ecs-cluster/frontend-service:policyName/frontend-scale-out" [90m-> null[0m[0m
      [31m-[0m[0m id                 = "frontend-scale-out" [90m-> null[0m[0m
      [31m-[0m[0m name               = "frontend-scale-out" [90m-> null[0m[0m
      [31m-[0m[0m policy_type        = "StepScaling" [90m-> null[0m[0m
      [31m-[0m[0m resource_id        = "service/sudarshan-ecs-cluster/frontend-service" [90m-> null[0m[0m
      [31m-[0m[0m scalable_dimension = "ecs:service:DesiredCount" [90m-> null[0m[0m
      [31m-[0m[0m service_namespace  = "ecs" [90m-> null[0m[0m

      [31m-[0m[0m step_scaling_policy_configuration {
          [31m-[0m[0m adjustment_type          = "ChangeInCapacity" [90m-> null[0m[0m
          [31m-[0m[0m cooldown                 = 60 [90m-> null[0m[0m
          [31m-[0m[0m metric_aggregation_type  = "Maximum" [90m-> null[0m[0m
          [31m-[0m[0m min_adjustment_magnitude = 0 [90m-> null[0m[0m

          [31m-[0m[0m step_adjustment {
              [31m-[0m[0m metric_interval_upper_bound = "0" [90m-> null[0m[0m
              [31m-[0m[0m scaling_adjustment          = -1 [90m-> null[0m[0m
                [90m# (1 unchanged attribute hidden)[0m[0m
            }
        }
    }

[1m  # aws_appautoscaling_target.frontend[0m will be [1m[31mdestroyed[0m
[0m  [31m-[0m[0m resource "aws_appautoscaling_target" "frontend" {
      [31m-[0m[0m arn                = "arn:aws:application-autoscaling:us-west-2:326151034032:scalable-target/0ec571f9f3eb5e4d4903a0d217d57555198a" [90m-> null[0m[0m
      [31m-[0m[0m id                 = "service/sudarshan-ecs-cluster/frontend-service" [90m-> null[0m[0m
      [31m-[0m[0m max_capacity       = 3 [90m-> null[0m[0m
      [31m-[0m[0m min_capacity       = 1 [90m-> null[0m[0m
      [31m-[0m[0m resource_id        = "service/sudarshan-ecs-cluster/frontend-service" [90m-> null[0m[0m
      [31m-[0m[0m role_arn           = "arn:aws:iam::326151034032:role/aws-service-role/ecs.application-autoscaling.amazonaws.com/AWSServiceRoleForApplicationAutoScaling_ECSService" [90m-> null[0m[0m
      [31m-[0m[0m scalable_dimension = "ecs:service:DesiredCount" [90m-> null[0m[0m
      [31m-[0m[0m service_namespace  = "ecs" [90m-> null[0m[0m
      [31m-[0m[0m tags               = {} [90m-> null[0m[0m
      [31m-[0m[0m tags_all           = {} [90m-> null[0m[0m

      [31m-[0m[0m suspended_state {
          [31m-[0m[0m dynamic_scaling_in_suspended  = false [90m-> null[0m[0m
          [31m-[0m[0m dynamic_scaling_out_suspended = false [90m-> null[0m[0m
          [31m-[0m[0m scheduled_scaling_suspended   = false [90m-> null[0m[0m
        }
    }

[1m  # aws_db_instance.main[0m will be [1m[31mdestroyed[0m
[0m  [31m-[0m[0m resource "aws_db_instance" "main" {
      [31m-[0m[0m address                               = "mydbinstance.cdw6myo0oi1c.us-west-2.rds.amazonaws.com" [90m-> null[0m[0m
      [31m-[0m[0m allocated_storage                     = 20 [90m-> null[0m[0m
      [31m-[0m[0m apply_immediately                     = false [90m-> null[0m[0m
      [31m-[0m[0m arn                                   = "arn:aws:rds:us-west-2:326151034032:db:mydbinstance" [90m-> null[0m[0m
      [31m-[0m[0m auto_minor_version_upgrade            = true [90m-> null[0m[0m
      [31m-[0m[0m availability_zone                     = "us-west-2b" [90m-> null[0m[0m
      [31m-[0m[0m backup_retention_period               = 0 [90m-> null[0m[0m
      [31m-[0m[0m backup_target                         = "region" [90m-> null[0m[0m
      [31m-[0m[0m backup_window                         = "10:38-11:08" [90m-> null[0m[0m
      [31m-[0m[0m ca_cert_identifier                    = "rds-ca-rsa2048-g1" [90m-> null[0m[0m
      [31m-[0m[0m copy_tags_to_snapshot                 = false [90m-> null[0m[0m
      [31m-[0m[0m customer_owned_ip_enabled             = false [90m-> null[0m[0m
      [31m-[0m[0m db_name                               = "appdatabase" [90m-> null[0m[0m
      [31m-[0m[0m db_subnet_group_name                  = "sudarshan1-db-subnet-group" [90m-> null[0m[0m
      [31m-[0m[0m dedicated_log_volume                  = false [90m-> null[0m[0m
      [31m-[0m[0m delete_automated_backups              = true [90m-> null[0m[0m
      [31m-[0m[0m deletion_protection                   = false [90m-> null[0m[0m
      [31m-[0m[0m domain_dns_ips                        = [] [90m-> null[0m[0m
      [31m-[0m[0m enabled_cloudwatch_logs_exports       = [] [90m-> null[0m[0m
      [31m-[0m[0m endpoint                              = "mydbinstance.cdw6myo0oi1c.us-west-2.rds.amazonaws.com:3306" [90m-> null[0m[0m
      [31m-[0m[0m engine                                = "mysql" [90m-> null[0m[0m
      [31m-[0m[0m engine_lifecycle_support              = "open-source-rds-extended-support" [90m-> null[0m[0m
      [31m-[0m[0m engine_version                        = "8.0.35" [90m-> null[0m[0m
      [31m-[0m[0m engine_version_actual                 = "8.0.35" [90m-> null[0m[0m
      [31m-[0m[0m hosted_zone_id                        = "Z1PVIF0B656C1W" [90m-> null[0m[0m
      [31m-[0m[0m iam_database_authentication_enabled   = false [90m-> null[0m[0m
      [31m-[0m[0m id                                    = "db-6E6RAH365T4XPD7YHRVNTDBQ4I" [90m-> null[0m[0m
      [31m-[0m[0m identifier                            = "mydbinstance" [90m-> null[0m[0m
      [31m-[0m[0m instance_class                        = "db.t3.micro" [90m-> null[0m[0m
      [31m-[0m[0m iops                                  = 0 [90m-> null[0m[0m
      [31m-[0m[0m license_model                         = "general-public-license" [90m-> null[0m[0m
      [31m-[0m[0m listener_endpoint                     = [] [90m-> null[0m[0m
      [31m-[0m[0m maintenance_window                    = "tue:07:23-tue:07:53" [90m-> null[0m[0m
      [31m-[0m[0m master_user_secret                    = [] [90m-> null[0m[0m
      [31m-[0m[0m max_allocated_storage                 = 0 [90m-> null[0m[0m
      [31m-[0m[0m monitoring_interval                   = 0 [90m-> null[0m[0m
      [31m-[0m[0m multi_az                              = false [90m-> null[0m[0m
      [31m-[0m[0m network_type                          = "IPV4" [90m-> null[0m[0m
      [31m-[0m[0m option_group_name                     = "default:mysql-8-0" [90m-> null[0m[0m
      [31m-[0m[0m parameter_group_name                  = "default.mysql8.0" [90m-> null[0m[0m
      [31m-[0m[0m password                              = (sensitive value) [90m-> null[0m[0m
      [31m-[0m[0m performance_insights_enabled          = false [90m-> null[0m[0m
      [31m-[0m[0m performance_insights_retention_period = 0 [90m-> null[0m[0m
      [31m-[0m[0m port                                  = 3306 [90m-> null[0m[0m
      [31m-[0m[0m publicly_accessible                   = false [90m-> null[0m[0m
      [31m-[0m[0m replicas                              = [] [90m-> null[0m[0m
      [31m-[0m[0m resource_id                           = "db-6E6RAH365T4XPD7YHRVNTDBQ4I" [90m-> null[0m[0m
      [31m-[0m[0m skip_final_snapshot                   = false [90m-> null[0m[0m
      [31m-[0m[0m status                                = "available" [90m-> null[0m[0m
      [31m-[0m[0m storage_encrypted                     = false [90m-> null[0m[0m
      [31m-[0m[0m storage_throughput                    = 0 [90m-> null[0m[0m
      [31m-[0m[0m storage_type                          = "gp2" [90m-> null[0m[0m
      [31m-[0m[0m tags                                  = {
          [31m-[0m[0m "Name" = "sudarshan-db-instance"
        } [90m-> null[0m[0m
      [31m-[0m[0m tags_all                              = {
          [31m-[0m[0m "Name" = "sudarshan-db-instance"
        } [90m-> null[0m[0m
      [31m-[0m[0m username                              = "admin" [90m-> null[0m[0m
      [31m-[0m[0m vpc_security_group_ids                = [
          [31m-[0m[0m "sg-0fe94321038329567",
        ] [90m-> null[0m[0m
        [90m# (16 unchanged attributes hidden)[0m[0m
    }

[1m  # aws_db_subnet_group.main[0m will be [1m[31mdestroyed[0m
[0m  [31m-[0m[0m resource "aws_db_subnet_group" "main" {
      [31m-[0m[0m arn                     = "arn:aws:rds:us-west-2:326151034032:subgrp:sudarshan1-db-subnet-group" [90m-> null[0m[0m
      [31m-[0m[0m description             = "Managed by Terraform" [90m-> null[0m[0m
      [31m-[0m[0m id                      = "sudarshan1-db-subnet-group" [90m-> null[0m[0m
      [31m-[0m[0m name                    = "sudarshan1-db-subnet-group" [90m-> null[0m[0m
      [31m-[0m[0m subnet_ids              = [
          [31m-[0m[0m "subnet-019ad2b1d0a09c006",
          [31m-[0m[0m "subnet-0d465de7c48ba9ff1",
        ] [90m-> null[0m[0m
      [31m-[0m[0m supported_network_types = [
          [31m-[0m[0m "IPV4",
        ] [90m-> null[0m[0m
      [31m-[0m[0m tags                    = {
          [31m-[0m[0m "Name" = "sudarshan-db-subnet-group"
        } [90m-> null[0m[0m
      [31m-[0m[0m tags_all                = {
          [31m-[0m[0m "Name" = "sudarshan-db-subnet-group"
        } [90m-> null[0m[0m
      [31m-[0m[0m vpc_id                  = "vpc-039b4e8ef8585d2cf" [90m-> null[0m[0m
        [90m# (1 unchanged attribute hidden)[0m[0m
    }

[1m  # aws_ecs_cluster.main[0m will be [1m[31mdestroyed[0m
[0m  [31m-[0m[0m resource "aws_ecs_cluster" "main" {
      [31m-[0m[0m arn      = "arn:aws:ecs:us-west-2:326151034032:cluster/sudarshan-ecs-cluster" [90m-> null[0m[0m
      [31m-[0m[0m id       = "arn:aws:ecs:us-west-2:326151034032:cluster/sudarshan-ecs-cluster" [90m-> null[0m[0m
      [31m-[0m[0m name     = "sudarshan-ecs-cluster" [90m-> null[0m[0m
      [31m-[0m[0m tags     = {} [90m-> null[0m[0m
      [31m-[0m[0m tags_all = {} [90m-> null[0m[0m

      [31m-[0m[0m setting {
          [31m-[0m[0m name  = "containerInsights" [90m-> null[0m[0m
          [31m-[0m[0m value = "disabled" [90m-> null[0m[0m
        }
    }

[1m  # aws_ecs_service.backend[0m will be [1m[31mdestroyed[0m
[0m  [31m-[0m[0m resource "aws_ecs_service" "backend" {
      [31m-[0m[0m cluster                            = "arn:aws:ecs:us-west-2:326151034032:cluster/sudarshan-ecs-cluster" [90m-> null[0m[0m
      [31m-[0m[0m deployment_maximum_percent         = 200 [90m-> null[0m[0m
      [31m-[0m[0m deployment_minimum_healthy_percent = 100 [90m-> null[0m[0m
      [31m-[0m[0m desired_count                      = 1 [90m-> null[0m[0m
      [31m-[0m[0m enable_ecs_managed_tags            = false [90m-> null[0m[0m
      [31m-[0m[0m enable_execute_command             = false [90m-> null[0m[0m
      [31m-[0m[0m health_check_grace_period_seconds  = 0 [90m-> null[0m[0m
      [31m-[0m[0m iam_role                           = "/aws-service-role/ecs.amazonaws.com/AWSServiceRoleForECS" [90m-> null[0m[0m
      [31m-[0m[0m id                                 = "arn:aws:ecs:us-west-2:326151034032:service/sudarshan-ecs-cluster/backend-service" [90m-> null[0m[0m
      [31m-[0m[0m launch_type                        = "FARGATE" [90m-> null[0m[0m
      [31m-[0m[0m name                               = "backend-service" [90m-> null[0m[0m
      [31m-[0m[0m platform_version                   = "LATEST" [90m-> null[0m[0m
      [31m-[0m[0m propagate_tags                     = "NONE" [90m-> null[0m[0m
      [31m-[0m[0m scheduling_strategy                = "REPLICA" [90m-> null[0m[0m
      [31m-[0m[0m tags                               = {} [90m-> null[0m[0m
      [31m-[0m[0m tags_all                           = {} [90m-> null[0m[0m
      [31m-[0m[0m task_definition                    = "arn:aws:ecs:us-west-2:326151034032:task-definition/backend-task:3" [90m-> null[0m[0m
      [31m-[0m[0m triggers                           = {} [90m-> null[0m[0m
      [31m-[0m[0m wait_for_steady_state              = false [90m-> null[0m[0m

      [31m-[0m[0m deployment_circuit_breaker {
          [31m-[0m[0m enable   = false [90m-> null[0m[0m
          [31m-[0m[0m rollback = false [90m-> null[0m[0m
        }

      [31m-[0m[0m deployment_controller {
          [31m-[0m[0m type = "ECS" [90m-> null[0m[0m
        }

      [31m-[0m[0m network_configuration {
          [31m-[0m[0m assign_public_ip = false [90m-> null[0m[0m
          [31m-[0m[0m security_groups  = [
              [31m-[0m[0m "sg-0861f7e02031e33a0",
            ] [90m-> null[0m[0m
          [31m-[0m[0m subnets          = [
              [31m-[0m[0m "subnet-0d465de7c48ba9ff1",
            ] [90m-> null[0m[0m
        }
    }

[1m  # aws_ecs_service.frontend[0m will be [1m[31mdestroyed[0m
[0m  [31m-[0m[0m resource "aws_ecs_service" "frontend" {
      [31m-[0m[0m cluster                            = "arn:aws:ecs:us-west-2:326151034032:cluster/sudarshan-ecs-cluster" [90m-> null[0m[0m
      [31m-[0m[0m deployment_maximum_percent         = 200 [90m-> null[0m[0m
      [31m-[0m[0m deployment_minimum_healthy_percent = 100 [90m-> null[0m[0m
      [31m-[0m[0m desired_count                      = 1 [90m-> null[0m[0m
      [31m-[0m[0m enable_ecs_managed_tags            = false [90m-> null[0m[0m
      [31m-[0m[0m enable_execute_command             = false [90m-> null[0m[0m
      [31m-[0m[0m health_check_grace_period_seconds  = 0 [90m-> null[0m[0m
      [31m-[0m[0m iam_role                           = "/aws-service-role/ecs.amazonaws.com/AWSServiceRoleForECS" [90m-> null[0m[0m
      [31m-[0m[0m id                                 = "arn:aws:ecs:us-west-2:326151034032:service/sudarshan-ecs-cluster/frontend-service" [90m-> null[0m[0m
      [31m-[0m[0m launch_type                        = "FARGATE" [90m-> null[0m[0m
      [31m-[0m[0m name                               = "frontend-service" [90m-> null[0m[0m
      [31m-[0m[0m platform_version                   = "LATEST" [90m-> null[0m[0m
      [31m-[0m[0m propagate_tags                     = "NONE" [90m-> null[0m[0m
      [31m-[0m[0m scheduling_strategy                = "REPLICA" [90m-> null[0m[0m
      [31m-[0m[0m tags                               = {} [90m-> null[0m[0m
      [31m-[0m[0m tags_all                           = {} [90m-> null[0m[0m
      [31m-[0m[0m task_definition                    = "arn:aws:ecs:us-west-2:326151034032:task-definition/frontend-task:3" [90m-> null[0m[0m
      [31m-[0m[0m triggers                           = {} [90m-> null[0m[0m
      [31m-[0m[0m wait_for_steady_state              = false [90m-> null[0m[0m

      [31m-[0m[0m deployment_circuit_breaker {
          [31m-[0m[0m enable   = false [90m-> null[0m[0m
          [31m-[0m[0m rollback = false [90m-> null[0m[0m
        }

      [31m-[0m[0m deployment_controller {
          [31m-[0m[0m type = "ECS" [90m-> null[0m[0m
        }

      [31m-[0m[0m network_configuration {
          [31m-[0m[0m assign_public_ip = true [90m-> null[0m[0m
          [31m-[0m[0m security_groups  = [
              [31m-[0m[0m "sg-0b0de3230e83f10bd",
            ] [90m-> null[0m[0m
          [31m-[0m[0m subnets          = [
              [31m-[0m[0m "subnet-0f18ca5d14c982710",
            ] [90m-> null[0m[0m
        }
    }

[1m  # aws_ecs_task_definition.backend[0m will be [1m[31mdestroyed[0m
[0m  [31m-[0m[0m resource "aws_ecs_task_definition" "backend" {
      [31m-[0m[0m arn                      = "arn:aws:ecs:us-west-2:326151034032:task-definition/backend-task:3" [90m-> null[0m[0m
      [31m-[0m[0m arn_without_revision     = "arn:aws:ecs:us-west-2:326151034032:task-definition/backend-task" [90m-> null[0m[0m
      [31m-[0m[0m container_definitions    = jsonencode(
            [
              [31m-[0m[0m {
                  [31m-[0m[0m cpu            = 256
                  [31m-[0m[0m environment    = []
                  [31m-[0m[0m essential      = true
                  [31m-[0m[0m image          = "daradesudarshan/centralrepo:flask-backend-mysql-v1"
                  [31m-[0m[0m memory         = 512
                  [31m-[0m[0m mountPoints    = []
                  [31m-[0m[0m name           = "backend"
                  [31m-[0m[0m portMappings   = [
                      [31m-[0m[0m {
                          [31m-[0m[0m containerPort = 5000
                          [31m-[0m[0m hostPort      = 5000
                          [31m-[0m[0m protocol      = "tcp"
                        },
                    ]
                  [31m-[0m[0m systemControls = []
                  [31m-[0m[0m volumesFrom    = []
                },
            ]
        ) [90m-> null[0m[0m
      [31m-[0m[0m cpu                      = "256" [90m-> null[0m[0m
      [31m-[0m[0m execution_role_arn       = "arn:aws:iam::326151034032:role/ecsTaskExecutionRole" [90m-> null[0m[0m
      [31m-[0m[0m family                   = "backend-task" [90m-> null[0m[0m
      [31m-[0m[0m id                       = "backend-task" [90m-> null[0m[0m
      [31m-[0m[0m memory                   = "512" [90m-> null[0m[0m
      [31m-[0m[0m network_mode             = "awsvpc" [90m-> null[0m[0m
      [31m-[0m[0m requires_compatibilities = [
          [31m-[0m[0m "FARGATE",
        ] [90m-> null[0m[0m
      [31m-[0m[0m revision                 = 3 [90m-> null[0m[0m
      [31m-[0m[0m skip_destroy             = false [90m-> null[0m[0m
      [31m-[0m[0m tags                     = {} [90m-> null[0m[0m
      [31m-[0m[0m tags_all                 = {} [90m-> null[0m[0m
      [31m-[0m[0m track_latest             = false [90m-> null[0m[0m
        [90m# (3 unchanged attributes hidden)[0m[0m
    }

[1m  # aws_ecs_task_definition.frontend[0m will be [1m[31mdestroyed[0m
[0m  [31m-[0m[0m resource "aws_ecs_task_definition" "frontend" {
      [31m-[0m[0m arn                      = "arn:aws:ecs:us-west-2:326151034032:task-definition/frontend-task:3" [90m-> null[0m[0m
      [31m-[0m[0m arn_without_revision     = "arn:aws:ecs:us-west-2:326151034032:task-definition/frontend-task" [90m-> null[0m[0m
      [31m-[0m[0m container_definitions    = jsonencode(
            [
              [31m-[0m[0m {
                  [31m-[0m[0m cpu            = 256
                  [31m-[0m[0m environment    = []
                  [31m-[0m[0m essential      = true
                  [31m-[0m[0m image          = "daradesudarshan/centralrepo:nginx-frontend-flask-v1"
                  [31m-[0m[0m memory         = 512
                  [31m-[0m[0m mountPoints    = []
                  [31m-[0m[0m name           = "frontend"
                  [31m-[0m[0m portMappings   = [
                      [31m-[0m[0m {
                          [31m-[0m[0m containerPort = 80
                          [31m-[0m[0m hostPort      = 80
                          [31m-[0m[0m protocol      = "tcp"
                        },
                    ]
                  [31m-[0m[0m systemControls = []
                  [31m-[0m[0m volumesFrom    = []
                },
            ]
        ) [90m-> null[0m[0m
      [31m-[0m[0m cpu                      = "256" [90m-> null[0m[0m
      [31m-[0m[0m execution_role_arn       = "arn:aws:iam::326151034032:role/ecsTaskExecutionRole" [90m-> null[0m[0m
      [31m-[0m[0m family                   = "frontend-task" [90m-> null[0m[0m
      [31m-[0m[0m id                       = "frontend-task" [90m-> null[0m[0m
      [31m-[0m[0m memory                   = "512" [90m-> null[0m[0m
      [31m-[0m[0m network_mode             = "awsvpc" [90m-> null[0m[0m
      [31m-[0m[0m requires_compatibilities = [
          [31m-[0m[0m "FARGATE",
        ] [90m-> null[0m[0m
      [31m-[0m[0m revision                 = 3 [90m-> null[0m[0m
      [31m-[0m[0m skip_destroy             = false [90m-> null[0m[0m
      [31m-[0m[0m tags                     = {} [90m-> null[0m[0m
      [31m-[0m[0m tags_all                 = {} [90m-> null[0m[0m
      [31m-[0m[0m track_latest             = false [90m-> null[0m[0m
        [90m# (3 unchanged attributes hidden)[0m[0m
    }

[1m  # aws_iam_role.ecs_task_execution_role[0m will be [1m[31mdestroyed[0m
[0m  [31m-[0m[0m resource "aws_iam_role" "ecs_task_execution_role" {
      [31m-[0m[0m arn                   = "arn:aws:iam::326151034032:role/ecsTaskExecutionRole" [90m-> null[0m[0m
      [31m-[0m[0m assume_role_policy    = jsonencode(
            {
              [31m-[0m[0m Statement = [
                  [31m-[0m[0m {
                      [31m-[0m[0m Action    = "sts:AssumeRole"
                      [31m-[0m[0m Effect    = "Allow"
                      [31m-[0m[0m Principal = {
                          [31m-[0m[0m Service = "ecs-tasks.amazonaws.com"
                        }
                    },
                ]
              [31m-[0m[0m Version   = "2012-10-17"
            }
        ) [90m-> null[0m[0m
      [31m-[0m[0m create_date           = "2024-08-26T15:33:49Z" [90m-> null[0m[0m
      [31m-[0m[0m force_detach_policies = false [90m-> null[0m[0m
      [31m-[0m[0m id                    = "ecsTaskExecutionRole" [90m-> null[0m[0m
      [31m-[0m[0m managed_policy_arns   = [
          [31m-[0m[0m "arn:aws:iam::aws:policy/service-role/AmazonECSTaskExecutionRolePolicy",
        ] [90m-> null[0m[0m
      [31m-[0m[0m max_session_duration  = 3600 [90m-> null[0m[0m
      [31m-[0m[0m name                  = "ecsTaskExecutionRole" [90m-> null[0m[0m
      [31m-[0m[0m path                  = "/" [90m-> null[0m[0m
      [31m-[0m[0m tags                  = {} [90m-> null[0m[0m
      [31m-[0m[0m tags_all              = {} [90m-> null[0m[0m
      [31m-[0m[0m unique_id             = "AROAUX4A52SYIZ3A4ZSOZ" [90m-> null[0m[0m
        [90m# (3 unchanged attributes hidden)[0m[0m
    }

[1m  # aws_iam_role_policy_attachment.ecs_task_execution_role_policy[0m will be [1m[31mdestroyed[0m
[0m  [31m-[0m[0m resource "aws_iam_role_policy_attachment" "ecs_task_execution_role_policy" {
      [31m-[0m[0m id         = "ecsTaskExecutionRole-20240826153350735800000002" [90m-> null[0m[0m
      [31m-[0m[0m policy_arn = "arn:aws:iam::aws:policy/service-role/AmazonECSTaskExecutionRolePolicy" [90m-> null[0m[0m
      [31m-[0m[0m role       = "ecsTaskExecutionRole" [90m-> null[0m[0m
    }

[1m  # aws_internet_gateway.igw[0m will be [1m[31mdestroyed[0m
[0m  [31m-[0m[0m resource "aws_internet_gateway" "igw" {
      [31m-[0m[0m arn      = "arn:aws:ec2:us-west-2:326151034032:internet-gateway/igw-0647a703439f6f952" [90m-> null[0m[0m
      [31m-[0m[0m id       = "igw-0647a703439f6f952" [90m-> null[0m[0m
      [31m-[0m[0m owner_id = "326151034032" [90m-> null[0m[0m
      [31m-[0m[0m tags     = {
          [31m-[0m[0m "Name" = "sudarshan-main-igw"
        } [90m-> null[0m[0m
      [31m-[0m[0m tags_all = {
          [31m-[0m[0m "Name" = "sudarshan-main-igw"
        } [90m-> null[0m[0m
      [31m-[0m[0m vpc_id   = "vpc-039b4e8ef8585d2cf" [90m-> null[0m[0m
    }

[1m  # aws_route_table.private_rt[0m will be [1m[31mdestroyed[0m
[0m  [31m-[0m[0m resource "aws_route_table" "private_rt" {
      [31m-[0m[0m arn              = "arn:aws:ec2:us-west-2:326151034032:route-table/rtb-09d4c2bfcc00194bb" [90m-> null[0m[0m
      [31m-[0m[0m id               = "rtb-09d4c2bfcc00194bb" [90m-> null[0m[0m
      [31m-[0m[0m owner_id         = "326151034032" [90m-> null[0m[0m
      [31m-[0m[0m propagating_vgws = [] [90m-> null[0m[0m
      [31m-[0m[0m route            = [] [90m-> null[0m[0m
      [31m-[0m[0m tags             = {
          [31m-[0m[0m "Name" = "sudarshan-private-route-table"
        } [90m-> null[0m[0m
      [31m-[0m[0m tags_all         = {
          [31m-[0m[0m "Name" = "sudarshan-private-route-table"
        } [90m-> null[0m[0m
      [31m-[0m[0m vpc_id           = "vpc-039b4e8ef8585d2cf" [90m-> null[0m[0m
    }

[1m  # aws_route_table.public[0m will be [1m[31mdestroyed[0m
[0m  [31m-[0m[0m resource "aws_route_table" "public" {
      [31m-[0m[0m arn              = "arn:aws:ec2:us-west-2:326151034032:route-table/rtb-08a81be497d69ebc0" [90m-> null[0m[0m
      [31m-[0m[0m id               = "rtb-08a81be497d69ebc0" [90m-> null[0m[0m
      [31m-[0m[0m owner_id         = "326151034032" [90m-> null[0m[0m
      [31m-[0m[0m propagating_vgws = [] [90m-> null[0m[0m
      [31m-[0m[0m route            = [
          [31m-[0m[0m {
              [31m-[0m[0m cidr_block                 = "0.0.0.0/0"
              [31m-[0m[0m gateway_id                 = "igw-0647a703439f6f952"
                [90m# (11 unchanged attributes hidden)[0m[0m
            },
        ] [90m-> null[0m[0m
      [31m-[0m[0m tags             = {
          [31m-[0m[0m "Name" = "sudarshan-public-route-table"
        } [90m-> null[0m[0m
      [31m-[0m[0m tags_all         = {
          [31m-[0m[0m "Name" = "sudarshan-public-route-table"
        } [90m-> null[0m[0m
      [31m-[0m[0m vpc_id           = "vpc-039b4e8ef8585d2cf" [90m-> null[0m[0m
    }

[1m  # aws_route_table_association.private1[0m will be [1m[31mdestroyed[0m
[0m  [31m-[0m[0m resource "aws_route_table_association" "private1" {
      [31m-[0m[0m id             = "rtbassoc-0099c7fc1b0784b05" [90m-> null[0m[0m
      [31m-[0m[0m route_table_id = "rtb-09d4c2bfcc00194bb" [90m-> null[0m[0m
      [31m-[0m[0m subnet_id      = "subnet-0d465de7c48ba9ff1" [90m-> null[0m[0m
        [90m# (1 unchanged attribute hidden)[0m[0m
    }

[1m  # aws_route_table_association.private2[0m will be [1m[31mdestroyed[0m
[0m  [31m-[0m[0m resource "aws_route_table_association" "private2" {
      [31m-[0m[0m id             = "rtbassoc-0290bad310a123e03" [90m-> null[0m[0m
      [31m-[0m[0m route_table_id = "rtb-09d4c2bfcc00194bb" [90m-> null[0m[0m
      [31m-[0m[0m subnet_id      = "subnet-019ad2b1d0a09c006" [90m-> null[0m[0m
        [90m# (1 unchanged attribute hidden)[0m[0m
    }

[1m  # aws_route_table_association.public[0m will be [1m[31mdestroyed[0m
[0m  [31m-[0m[0m resource "aws_route_table_association" "public" {
      [31m-[0m[0m id             = "rtbassoc-0ccb19895c42d4cc0" [90m-> null[0m[0m
      [31m-[0m[0m route_table_id = "rtb-08a81be497d69ebc0" [90m-> null[0m[0m
      [31m-[0m[0m subnet_id      = "subnet-0f18ca5d14c982710" [90m-> null[0m[0m
        [90m# (1 unchanged attribute hidden)[0m[0m
    }

[1m  # aws_secretsmanager_secret.db_password2[0m will be [1m[31mdestroyed[0m
[0m  [31m-[0m[0m resource "aws_secretsmanager_secret" "db_password2" {
      [31m-[0m[0m arn                            = "arn:aws:secretsmanager:us-west-2:326151034032:secret:dbPassword2-JBEQGP" [90m-> null[0m[0m
      [31m-[0m[0m force_overwrite_replica_secret = false [90m-> null[0m[0m
      [31m-[0m[0m id                             = "arn:aws:secretsmanager:us-west-2:326151034032:secret:dbPassword2-JBEQGP" [90m-> null[0m[0m
      [31m-[0m[0m name                           = "dbPassword2" [90m-> null[0m[0m
      [31m-[0m[0m recovery_window_in_days        = 30 [90m-> null[0m[0m
      [31m-[0m[0m tags                           = {} [90m-> null[0m[0m
      [31m-[0m[0m tags_all                       = {} [90m-> null[0m[0m
        [90m# (4 unchanged attributes hidden)[0m[0m
    }

[1m  # aws_secretsmanager_secret_version.db_password2_version[0m will be [1m[31mdestroyed[0m
[0m  [31m-[0m[0m resource "aws_secretsmanager_secret_version" "db_password2_version" {
      [31m-[0m[0m arn            = "arn:aws:secretsmanager:us-west-2:326151034032:secret:dbPassword2-JBEQGP" [90m-> null[0m[0m
      [31m-[0m[0m id             = "arn:aws:secretsmanager:us-west-2:326151034032:secret:dbPassword2-JBEQGP|terraform-20240826154439568300000003" [90m-> null[0m[0m
      [31m-[0m[0m secret_id      = "arn:aws:secretsmanager:us-west-2:326151034032:secret:dbPassword2-JBEQGP" [90m-> null[0m[0m
      [31m-[0m[0m secret_string  = (sensitive value) [90m-> null[0m[0m
      [31m-[0m[0m version_id     = "terraform-20240826154439568300000003" [90m-> null[0m[0m
      [31m-[0m[0m version_stages = [
          [31m-[0m[0m "AWSCURRENT",
        ] [90m-> null[0m[0m
        [90m# (1 unchanged attribute hidden)[0m[0m
    }

[1m  # aws_security_group.backend_sg[0m will be [1m[31mdestroyed[0m
[0m  [31m-[0m[0m resource "aws_security_group" "backend_sg" {
      [31m-[0m[0m arn                    = "arn:aws:ec2:us-west-2:326151034032:security-group/sg-0861f7e02031e33a0" [90m-> null[0m[0m
      [31m-[0m[0m description            = "Managed by Terraform" [90m-> null[0m[0m
      [31m-[0m[0m egress                 = [
          [31m-[0m[0m {
              [31m-[0m[0m cidr_blocks      = [
                  [31m-[0m[0m "0.0.0.0/0",
                ]
              [31m-[0m[0m from_port        = 0
              [31m-[0m[0m ipv6_cidr_blocks = []
              [31m-[0m[0m prefix_list_ids  = []
              [31m-[0m[0m protocol         = "-1"
              [31m-[0m[0m security_groups  = []
              [31m-[0m[0m self             = false
              [31m-[0m[0m to_port          = 0
                [90m# (1 unchanged attribute hidden)[0m[0m
            },
        ] [90m-> null[0m[0m
      [31m-[0m[0m id                     = "sg-0861f7e02031e33a0" [90m-> null[0m[0m
      [31m-[0m[0m ingress                = [
          [31m-[0m[0m {
              [31m-[0m[0m cidr_blocks      = []
              [31m-[0m[0m from_port        = 5000
              [31m-[0m[0m ipv6_cidr_blocks = []
              [31m-[0m[0m prefix_list_ids  = []
              [31m-[0m[0m protocol         = "tcp"
              [31m-[0m[0m security_groups  = [
                  [31m-[0m[0m "sg-0b0de3230e83f10bd",
                ]
              [31m-[0m[0m self             = false
              [31m-[0m[0m to_port          = 5000
                [90m# (1 unchanged attribute hidden)[0m[0m
            },
        ] [90m-> null[0m[0m
      [31m-[0m[0m name                   = "terraform-20240826153411093500000006" [90m-> null[0m[0m
      [31m-[0m[0m name_prefix            = "terraform-" [90m-> null[0m[0m
      [31m-[0m[0m owner_id               = "326151034032" [90m-> null[0m[0m
      [31m-[0m[0m revoke_rules_on_delete = false [90m-> null[0m[0m
      [31m-[0m[0m tags                   = {} [90m-> null[0m[0m
      [31m-[0m[0m tags_all               = {} [90m-> null[0m[0m
      [31m-[0m[0m vpc_id                 = "vpc-039b4e8ef8585d2cf" [90m-> null[0m[0m
    }

[1m  # aws_security_group.db_sg[0m will be [1m[31mdestroyed[0m
[0m  [31m-[0m[0m resource "aws_security_group" "db_sg" {
      [31m-[0m[0m arn                    = "arn:aws:ec2:us-west-2:326151034032:security-group/sg-0fe94321038329567" [90m-> null[0m[0m
      [31m-[0m[0m description            = "Managed by Terraform" [90m-> null[0m[0m
      [31m-[0m[0m egress                 = [
          [31m-[0m[0m {
              [31m-[0m[0m cidr_blocks      = [
                  [31m-[0m[0m "0.0.0.0/0",
                ]
              [31m-[0m[0m from_port        = 0
              [31m-[0m[0m ipv6_cidr_blocks = []
              [31m-[0m[0m prefix_list_ids  = []
              [31m-[0m[0m protocol         = "-1"
              [31m-[0m[0m security_groups  = []
              [31m-[0m[0m self             = false
              [31m-[0m[0m to_port          = 0
                [90m# (1 unchanged attribute hidden)[0m[0m
            },
        ] [90m-> null[0m[0m
      [31m-[0m[0m id                     = "sg-0fe94321038329567" [90m-> null[0m[0m
      [31m-[0m[0m ingress                = [
          [31m-[0m[0m {
              [31m-[0m[0m cidr_blocks      = []
              [31m-[0m[0m from_port        = 3306
              [31m-[0m[0m ipv6_cidr_blocks = []
              [31m-[0m[0m prefix_list_ids  = []
              [31m-[0m[0m protocol         = "tcp"
              [31m-[0m[0m security_groups  = [
                  [31m-[0m[0m "sg-0861f7e02031e33a0",
                ]
              [31m-[0m[0m self             = false
              [31m-[0m[0m to_port          = 3306
                [90m# (1 unchanged attribute hidden)[0m[0m
            },
        ] [90m-> null[0m[0m
      [31m-[0m[0m name                   = "terraform-20240826153415687800000007" [90m-> null[0m[0m
      [31m-[0m[0m name_prefix            = "terraform-" [90m-> null[0m[0m
      [31m-[0m[0m owner_id               = "326151034032" [90m-> null[0m[0m
      [31m-[0m[0m revoke_rules_on_delete = false [90m-> null[0m[0m
      [31m-[0m[0m tags                   = {} [90m-> null[0m[0m
      [31m-[0m[0m tags_all               = {} [90m-> null[0m[0m
      [31m-[0m[0m vpc_id                 = "vpc-039b4e8ef8585d2cf" [90m-> null[0m[0m
    }

[1m  # aws_security_group.frontend_sg[0m will be [1m[31mdestroyed[0m
[0m  [31m-[0m[0m resource "aws_security_group" "frontend_sg" {
      [31m-[0m[0m arn                    = "arn:aws:ec2:us-west-2:326151034032:security-group/sg-0b0de3230e83f10bd" [90m-> null[0m[0m
      [31m-[0m[0m description            = "Managed by Terraform" [90m-> null[0m[0m
      [31m-[0m[0m egress                 = [
          [31m-[0m[0m {
              [31m-[0m[0m cidr_blocks      = [
                  [31m-[0m[0m "0.0.0.0/0",
                ]
              [31m-[0m[0m from_port        = 0
              [31m-[0m[0m ipv6_cidr_blocks = []
              [31m-[0m[0m prefix_list_ids  = []
              [31m-[0m[0m protocol         = "-1"
              [31m-[0m[0m security_groups  = []
              [31m-[0m[0m self             = false
              [31m-[0m[0m to_port          = 0
                [90m# (1 unchanged attribute hidden)[0m[0m
            },
        ] [90m-> null[0m[0m
      [31m-[0m[0m id                     = "sg-0b0de3230e83f10bd" [90m-> null[0m[0m
      [31m-[0m[0m ingress                = [
          [31m-[0m[0m {
              [31m-[0m[0m cidr_blocks      = [
                  [31m-[0m[0m "0.0.0.0/0",
                ]
              [31m-[0m[0m from_port        = 22
              [31m-[0m[0m ipv6_cidr_blocks = []
              [31m-[0m[0m prefix_list_ids  = []
              [31m-[0m[0m protocol         = "tcp"
              [31m-[0m[0m security_groups  = []
              [31m-[0m[0m self             = false
              [31m-[0m[0m to_port          = 22
                [90m# (1 unchanged attribute hidden)[0m[0m
            },
          [31m-[0m[0m {
              [31m-[0m[0m cidr_blocks      = [
                  [31m-[0m[0m "0.0.0.0/0",
                ]
              [31m-[0m[0m from_port        = 80
              [31m-[0m[0m ipv6_cidr_blocks = []
              [31m-[0m[0m prefix_list_ids  = []
              [31m-[0m[0m protocol         = "tcp"
              [31m-[0m[0m security_groups  = []
              [31m-[0m[0m self             = false
              [31m-[0m[0m to_port          = 80
                [90m# (1 unchanged attribute hidden)[0m[0m
            },
        ] [90m-> null[0m[0m
      [31m-[0m[0m name                   = "terraform-20240826153405112200000004" [90m-> null[0m[0m
      [31m-[0m[0m name_prefix            = "terraform-" [90m-> null[0m[0m
      [31m-[0m[0m owner_id               = "326151034032" [90m-> null[0m[0m
      [31m-[0m[0m revoke_rules_on_delete = false [90m-> null[0m[0m
      [31m-[0m[0m tags                   = {} [90m-> null[0m[0m
      [31m-[0m[0m tags_all               = {} [90m-> null[0m[0m
      [31m-[0m[0m vpc_id                 = "vpc-039b4e8ef8585d2cf" [90m-> null[0m[0m
    }

[1m  # aws_subnet.private1[0m will be [1m[31mdestroyed[0m
[0m  [31m-[0m[0m resource "aws_subnet" "private1" {
      [31m-[0m[0m arn                                            = "arn:aws:ec2:us-west-2:326151034032:subnet/subnet-0d465de7c48ba9ff1" [90m-> null[0m[0m
      [31m-[0m[0m assign_ipv6_address_on_creation                = false [90m-> null[0m[0m
      [31m-[0m[0m availability_zone                              = "us-west-2a" [90m-> null[0m[0m
      [31m-[0m[0m availability_zone_id                           = "usw2-az1" [90m-> null[0m[0m
      [31m-[0m[0m cidr_block                                     = "10.0.2.0/24" [90m-> null[0m[0m
      [31m-[0m[0m enable_dns64                                   = false [90m-> null[0m[0m
      [31m-[0m[0m enable_lni_at_device_index                     = 0 [90m-> null[0m[0m
      [31m-[0m[0m enable_resource_name_dns_a_record_on_launch    = false [90m-> null[0m[0m
      [31m-[0m[0m enable_resource_name_dns_aaaa_record_on_launch = false [90m-> null[0m[0m
      [31m-[0m[0m id                                             = "subnet-0d465de7c48ba9ff1" [90m-> null[0m[0m
      [31m-[0m[0m ipv6_native                                    = false [90m-> null[0m[0m
      [31m-[0m[0m map_customer_owned_ip_on_launch                = false [90m-> null[0m[0m
      [31m-[0m[0m map_public_ip_on_launch                        = false [90m-> null[0m[0m
      [31m-[0m[0m owner_id                                       = "326151034032" [90m-> null[0m[0m
      [31m-[0m[0m private_dns_hostname_type_on_launch            = "ip-name" [90m-> null[0m[0m
      [31m-[0m[0m tags                                           = {
          [31m-[0m[0m "Name" = "sudarshan-private1-subnet"
        } [90m-> null[0m[0m
      [31m-[0m[0m tags_all                                       = {
          [31m-[0m[0m "Name" = "sudarshan-private1-subnet"
        } [90m-> null[0m[0m
      [31m-[0m[0m vpc_id                                         = "vpc-039b4e8ef8585d2cf" [90m-> null[0m[0m
        [90m# (4 unchanged attributes hidden)[0m[0m
    }

[1m  # aws_subnet.private2[0m will be [1m[31mdestroyed[0m
[0m  [31m-[0m[0m resource "aws_subnet" "private2" {
      [31m-[0m[0m arn                                            = "arn:aws:ec2:us-west-2:326151034032:subnet/subnet-019ad2b1d0a09c006" [90m-> null[0m[0m
      [31m-[0m[0m assign_ipv6_address_on_creation                = false [90m-> null[0m[0m
      [31m-[0m[0m availability_zone                              = "us-west-2b" [90m-> null[0m[0m
      [31m-[0m[0m availability_zone_id                           = "usw2-az2" [90m-> null[0m[0m
      [31m-[0m[0m cidr_block                                     = "10.0.3.0/24" [90m-> null[0m[0m
      [31m-[0m[0m enable_dns64                                   = false [90m-> null[0m[0m
      [31m-[0m[0m enable_lni_at_device_index                     = 0 [90m-> null[0m[0m
      [31m-[0m[0m enable_resource_name_dns_a_record_on_launch    = false [90m-> null[0m[0m
      [31m-[0m[0m enable_resource_name_dns_aaaa_record_on_launch = false [90m-> null[0m[0m
      [31m-[0m[0m id                                             = "subnet-019ad2b1d0a09c006" [90m-> null[0m[0m
      [31m-[0m[0m ipv6_native                                    = false [90m-> null[0m[0m
      [31m-[0m[0m map_customer_owned_ip_on_launch                = false [90m-> null[0m[0m
      [31m-[0m[0m map_public_ip_on_launch                        = false [90m-> null[0m[0m
      [31m-[0m[0m owner_id                                       = "326151034032" [90m-> null[0m[0m
      [31m-[0m[0m private_dns_hostname_type_on_launch            = "ip-name" [90m-> null[0m[0m
      [31m-[0m[0m tags                                           = {
          [31m-[0m[0m "Name" = "sudarshan-private2-subnet"
        } [90m-> null[0m[0m
      [31m-[0m[0m tags_all                                       = {
          [31m-[0m[0m "Name" = "sudarshan-private2-subnet"
        } [90m-> null[0m[0m
      [31m-[0m[0m vpc_id                                         = "vpc-039b4e8ef8585d2cf" [90m-> null[0m[0m
        [90m# (4 unchanged attributes hidden)[0m[0m
    }

[1m  # aws_subnet.public[0m will be [1m[31mdestroyed[0m
[0m  [31m-[0m[0m resource "aws_subnet" "public" {
      [31m-[0m[0m arn                                            = "arn:aws:ec2:us-west-2:326151034032:subnet/subnet-0f18ca5d14c982710" [90m-> null[0m[0m
      [31m-[0m[0m assign_ipv6_address_on_creation                = false [90m-> null[0m[0m
      [31m-[0m[0m availability_zone                              = "us-west-2a" [90m-> null[0m[0m
      [31m-[0m[0m availability_zone_id                           = "usw2-az1" [90m-> null[0m[0m
      [31m-[0m[0m cidr_block                                     = "10.0.1.0/24" [90m-> null[0m[0m
      [31m-[0m[0m enable_dns64                                   = false [90m-> null[0m[0m
      [31m-[0m[0m enable_lni_at_device_index                     = 0 [90m-> null[0m[0m
      [31m-[0m[0m enable_resource_name_dns_a_record_on_launch    = false [90m-> null[0m[0m
      [31m-[0m[0m enable_resource_name_dns_aaaa_record_on_launch = false [90m-> null[0m[0m
      [31m-[0m[0m id                                             = "subnet-0f18ca5d14c982710" [90m-> null[0m[0m
      [31m-[0m[0m ipv6_native                                    = false [90m-> null[0m[0m
      [31m-[0m[0m map_customer_owned_ip_on_launch                = false [90m-> null[0m[0m
      [31m-[0m[0m map_public_ip_on_launch                        = true [90m-> null[0m[0m
      [31m-[0m[0m owner_id                                       = "326151034032" [90m-> null[0m[0m
      [31m-[0m[0m private_dns_hostname_type_on_launch            = "ip-name" [90m-> null[0m[0m
      [31m-[0m[0m tags                                           = {
          [31m-[0m[0m "Name" = "sudarshan-public-subnet"
        } [90m-> null[0m[0m
      [31m-[0m[0m tags_all                                       = {
          [31m-[0m[0m "Name" = "sudarshan-public-subnet"
        } [90m-> null[0m[0m
      [31m-[0m[0m vpc_id                                         = "vpc-039b4e8ef8585d2cf" [90m-> null[0m[0m
        [90m# (4 unchanged attributes hidden)[0m[0m
    }

[1m  # aws_vpc.main[0m will be [1m[31mdestroyed[0m
[0m  [31m-[0m[0m resource "aws_vpc" "main" {
      [31m-[0m[0m arn                                  = "arn:aws:ec2:us-west-2:326151034032:vpc/vpc-039b4e8ef8585d2cf" [90m-> null[0m[0m
      [31m-[0m[0m assign_generated_ipv6_cidr_block     = false [90m-> null[0m[0m
      [31m-[0m[0m cidr_block                           = "10.0.0.0/16" [90m-> null[0m[0m
      [31m-[0m[0m default_network_acl_id               = "acl-02a17f40a42e715fd" [90m-> null[0m[0m
      [31m-[0m[0m default_route_table_id               = "rtb-0e37639865b676258" [90m-> null[0m[0m
      [31m-[0m[0m default_security_group_id            = "sg-0faf5af198e3c041e" [90m-> null[0m[0m
      [31m-[0m[0m dhcp_options_id                      = "dopt-02000fb8b0a2c3cc6" [90m-> null[0m[0m
      [31m-[0m[0m enable_dns_hostnames                 = true [90m-> null[0m[0m
      [31m-[0m[0m enable_dns_support                   = true [90m-> null[0m[0m
      [31m-[0m[0m enable_network_address_usage_metrics = false [90m-> null[0m[0m
      [31m-[0m[0m id                                   = "vpc-039b4e8ef8585d2cf" [90m-> null[0m[0m
      [31m-[0m[0m instance_tenancy                     = "default" [90m-> null[0m[0m
      [31m-[0m[0m ipv6_netmask_length                  = 0 [90m-> null[0m[0m
      [31m-[0m[0m main_route_table_id                  = "rtb-0e37639865b676258" [90m-> null[0m[0m
      [31m-[0m[0m owner_id                             = "326151034032" [90m-> null[0m[0m
      [31m-[0m[0m tags                                 = {
          [31m-[0m[0m "Name" = "sudarshan-vpc"
        } [90m-> null[0m[0m
      [31m-[0m[0m tags_all                             = {
          [31m-[0m[0m "Name" = "sudarshan-vpc"
        } [90m-> null[0m[0m
        [90m# (4 unchanged attributes hidden)[0m[0m
    }

[1mPlan:[0m 0 to add, 0 to change, 26 to destroy.
[0m[0m[1m
Do you really want to destroy all resources?[0m
  Terraform will destroy all your managed infrastructure, as shown above.
  There is no undo. Only 'yes' will be accepted to confirm.

  [1mEnter a value:[0m [0m
[0m[1maws_iam_role_policy_attachment.ecs_task_execution_role_policy: Destroying... [id=ecsTaskExecutionRole-20240826153350735800000002][0m[0m
[0m[1maws_route_table_association.private2: Destroying... [id=rtbassoc-0290bad310a123e03][0m[0m
[0m[1maws_route_table_association.private1: Destroying... [id=rtbassoc-0099c7fc1b0784b05][0m[0m
[0m[1maws_route_table_association.public: Destroying... [id=rtbassoc-0ccb19895c42d4cc0][0m[0m
[0m[1maws_appautoscaling_policy.frontend_scale_out: Destroying... [id=frontend-scale-out][0m[0m
[0m[1maws_ecs_service.backend: Destroying... [id=arn:aws:ecs:us-west-2:326151034032:service/sudarshan-ecs-cluster/backend-service][0m[0m
[0m[1maws_db_instance.main: Destroying... [id=db-6E6RAH365T4XPD7YHRVNTDBQ4I][0m[0m
[0m[1maws_iam_role_policy_attachment.ecs_task_execution_role_policy: Destruction complete after 2s[0m
[0m[1maws_appautoscaling_policy.frontend_scale_out: Destruction complete after 2s[0m
[0m[1maws_appautoscaling_target.frontend: Destroying... [id=service/sudarshan-ecs-cluster/frontend-service][0m[0m
[0m[1maws_route_table_association.private1: Destruction complete after 2s[0m
[0m[1maws_route_table_association.public: Destruction complete after 2s[0m
[0m[1maws_route_table.public: Destroying... [id=rtb-08a81be497d69ebc0][0m[0m
[0m[1maws_route_table_association.private2: Destruction complete after 3s[0m
[0m[1maws_route_table.private_rt: Destroying... [id=rtb-09d4c2bfcc00194bb][0m[0m
[0m[1maws_appautoscaling_target.frontend: Destruction complete after 1s[0m
[0m[1maws_ecs_service.frontend: Destroying... [id=arn:aws:ecs:us-west-2:326151034032:service/sudarshan-ecs-cluster/frontend-service][0m[0m
[0m[1maws_route_table.public: Destruction complete after 1s[0m
[0m[1maws_internet_gateway.igw: Destroying... [id=igw-0647a703439f6f952][0m[0m
[0m[1maws_route_table.private_rt: Destruction complete after 3s[0m
[0m[1maws_internet_gateway.igw: Destruction complete after 3s[0m
[0m[1maws_ecs_service.backend: Still destroying... [id=arn:aws:ecs:us-west-2:326151034032:service/sudarshan-ecs-cluster/backend-service, 10s elapsed][0m[0m
[0m[1maws_ecs_service.frontend: Still destroying... [id=arn:aws:ecs:us-west-2:326151034032:serv...sudarshan-ecs-cluster/frontend-service, 10s elapsed][0m[0m
[0m[1maws_ecs_service.backend: Still destroying... [id=arn:aws:ecs:us-west-2:326151034032:service/sudarshan-ecs-cluster/backend-service, 20s elapsed][0m[0m
[0m[1maws_ecs_service.frontend: Still destroying... [id=arn:aws:ecs:us-west-2:326151034032:serv...sudarshan-ecs-cluster/frontend-service, 20s elapsed][0m[0m
[0m[1maws_ecs_service.backend: Still destroying... [id=arn:aws:ecs:us-west-2:326151034032:service/sudarshan-ecs-cluster/backend-service, 30s elapsed][0m[0m
[0m[1maws_ecs_service.frontend: Still destroying... [id=arn:aws:ecs:us-west-2:326151034032:serv...sudarshan-ecs-cluster/frontend-service, 30s elapsed][0m[0m
[0m[1maws_ecs_service.backend: Still destroying... [id=arn:aws:ecs:us-west-2:326151034032:service/sudarshan-ecs-cluster/backend-service, 40s elapsed][0m[0m
[0m[1maws_ecs_service.frontend: Still destroying... [id=arn:aws:ecs:us-west-2:326151034032:serv...sudarshan-ecs-cluster/frontend-service, 40s elapsed][0m[0m
[0m[1maws_ecs_service.backend: Still destroying... [id=arn:aws:ecs:us-west-2:326151034032:service/sudarshan-ecs-cluster/backend-service, 50s elapsed][0m[0m
[0m[1maws_ecs_service.frontend: Still destroying... [id=arn:aws:ecs:us-west-2:326151034032:serv...sudarshan-ecs-cluster/frontend-service, 50s elapsed][0m[0m
[0m[1maws_ecs_service.backend: Still destroying... [id=arn:aws:ecs:us-west-2:326151034032:service/sudarshan-ecs-cluster/backend-service, 1m0s elapsed][0m[0m
[0m[1maws_ecs_service.frontend: Still destroying... [id=arn:aws:ecs:us-west-2:326151034032:serv...sudarshan-ecs-cluster/frontend-service, 1m0s elapsed][0m[0m
[0m[1maws_ecs_service.frontend: Destruction complete after 1m7s[0m
[0m[1maws_ecs_task_definition.frontend: Destroying... [id=frontend-task][0m[0m
[0m[1maws_subnet.public: Destroying... [id=subnet-0f18ca5d14c982710][0m[0m
[0m[1maws_ecs_service.backend: Still destroying... [id=arn:aws:ecs:us-west-2:326151034032:service/sudarshan-ecs-cluster/backend-service, 1m10s elapsed][0m[0m
[0m[1maws_ecs_task_definition.frontend: Destruction complete after 0s[0m
[0m[1maws_subnet.public: Destruction complete after 1s[0m
[0m[1maws_ecs_service.backend: Still destroying... [id=arn:aws:ecs:us-west-2:326151034032:service/sudarshan-ecs-cluster/backend-service, 1m20s elapsed][0m[0m
[0m[1maws_ecs_service.backend: Destruction complete after 1m21s[0m
[0m[1maws_ecs_cluster.main: Destroying... [id=arn:aws:ecs:us-west-2:326151034032:cluster/sudarshan-ecs-cluster][0m[0m
[0m[1maws_ecs_task_definition.backend: Destroying... [id=backend-task][0m[0m
[0m[1maws_ecs_task_definition.backend: Destruction complete after 1s[0m
[0m[1maws_iam_role.ecs_task_execution_role: Destroying... [id=ecsTaskExecutionRole][0m[0m
[0m[1maws_ecs_cluster.main: Destruction complete after 1s[0m
[0m[1maws_iam_role.ecs_task_execution_role: Destruction complete after 1s[0m
